<?xml version="1.0" encoding="UTF-8"?>
<testng-results ignored="0" total="2" passed="2" failed="0" skipped="0">
  <reporter-output>
  </reporter-output>
  <suite started-at="2024-08-19T11:47:16 BDT" name="Default suite" finished-at="2024-08-19T11:47:30 BDT" duration-ms="14332">
    <groups>
    </groups>
    <test started-at="2024-08-19T11:47:16 BDT" name="Default test" finished-at="2024-08-19T11:47:30 BDT" duration-ms="14332">
      <class name="Automation.MCQAPP">
        <test-method is-config="true" signature="setUp()[pri:0, instance:Automation.MCQAPP@57db2b13]" started-at="2024-08-19T11:47:16 BDT" name="setUp" finished-at="2024-08-19T11:47:19 BDT" duration-ms="3212" status="PASS">
          <reporter-output>
          </reporter-output>
        </test-method> <!-- setUp -->
        <test-method signature="SuccessfulLogin()[pri:3, instance:Automation.MCQAPP@57db2b13]" started-at="2024-08-19T11:47:19 BDT" name="SuccessfulLogin" finished-at="2024-08-19T11:47:24 BDT" duration-ms="4488" status="PASS">
          <reporter-output>
          </reporter-output>
        </test-method> <!-- SuccessfulLogin -->
        <test-method signature="Batch()[pri:4, instance:Automation.MCQAPP@57db2b13]" started-at="2024-08-19T11:47:24 BDT" name="Batch" finished-at="2024-08-19T11:47:30 BDT" duration-ms="6437" status="PASS">
          <reporter-output>
          </reporter-output>
        </test-method> <!-- Batch -->
        <test-method is-config="true" signature="closeTest()[pri:0, instance:Automation.MCQAPP@57db2b13]" started-at="2024-08-19T11:47:30 BDT" name="closeTest" finished-at="2024-08-19T11:47:30 BDT" duration-ms="143" status="PASS">
          <reporter-output>
          </reporter-output>
        </test-method> <!-- closeTest -->
      </class> <!-- Automation.MCQAPP -->
    </test> <!-- Default test -->
  </suite> <!-- Default suite -->
</testng-results>
